{"C:\\Users\\X515EA CI5\\OneDrive\\Escritorio\\curso\\Proyecto Final Esteban\\api\\src\\app.js": {"path":"C:\\Users\\X515EA CI5\\OneDrive\\Escritorio\\curso\\Proyecto Final Esteban\\api\\src\\app.js","statementMap":{"0":{"start":{"line":1,"column":16},"end":{"line":1,"column":34}},"1":{"start":{"line":2,"column":21},"end":{"line":2,"column":45}},"2":{"start":{"line":3,"column":19},"end":{"line":3,"column":41}},"3":{"start":{"line":4,"column":15},"end":{"line":4,"column":32}},"4":{"start":{"line":5,"column":15},"end":{"line":5,"column":43}},"5":{"start":{"line":7,"column":0},"end":{"line":7,"column":19}},"6":{"start":{"line":9,"column":15},"end":{"line":9,"column":24}},"7":{"start":{"line":11,"column":0},"end":{"line":11,"column":20}},"8":{"start":{"line":12,"column":0},"end":{"line":12,"column":26}},"9":{"start":{"line":13,"column":0},"end":{"line":13,"column":69}},"10":{"start":{"line":15,"column":0},"end":{"line":15,"column":27}},"11":{"start":{"line":16,"column":0},"end":{"line":16,"column":26}},"12":{"start":{"line":17,"column":0},"end":{"line":23,"column":3}},"13":{"start":{"line":18,"column":2},"end":{"line":18,"column":69}},"14":{"start":{"line":19,"column":2},"end":{"line":19,"column":57}},"15":{"start":{"line":20,"column":2},"end":{"line":20,"column":95}},"16":{"start":{"line":21,"column":2},"end":{"line":21,"column":80}},"17":{"start":{"line":22,"column":2},"end":{"line":22,"column":9}},"18":{"start":{"line":25,"column":0},"end":{"line":25,"column":24}},"19":{"start":{"line":28,"column":0},"end":{"line":33,"column":3}},"20":{"start":{"line":29,"column":17},"end":{"line":29,"column":34}},"21":{"start":{"line":30,"column":18},"end":{"line":30,"column":36}},"22":{"start":{"line":31,"column":2},"end":{"line":31,"column":21}},"23":{"start":{"line":32,"column":2},"end":{"line":32,"column":35}},"24":{"start":{"line":35,"column":0},"end":{"line":35,"column":24}}},"fnMap":{"0":{"name":"(anonymous_0)","decl":{"start":{"line":17,"column":11},"end":{"line":17,"column":12}},"loc":{"start":{"line":17,"column":31},"end":{"line":23,"column":1}},"line":17},"1":{"name":"(anonymous_1)","decl":{"start":{"line":28,"column":11},"end":{"line":28,"column":12}},"loc":{"start":{"line":28,"column":36},"end":{"line":33,"column":1}},"line":28}},"branchMap":{"0":{"loc":{"start":{"line":29,"column":17},"end":{"line":29,"column":34}},"type":"binary-expr","locations":[{"start":{"line":29,"column":17},"end":{"line":29,"column":27}},{"start":{"line":29,"column":31},"end":{"line":29,"column":34}}],"line":29},"1":{"loc":{"start":{"line":30,"column":18},"end":{"line":30,"column":36}},"type":"binary-expr","locations":[{"start":{"line":30,"column":18},"end":{"line":30,"column":29}},{"start":{"line":30,"column":33},"end":{"line":30,"column":36}}],"line":30}},"s":{"0":1,"1":1,"2":1,"3":1,"4":1,"5":1,"6":1,"7":1,"8":1,"9":1,"10":1,"11":1,"12":1,"13":1,"14":1,"15":1,"16":1,"17":1,"18":1,"19":1,"20":0,"21":0,"22":0,"23":0,"24":1},"f":{"0":1,"1":0},"b":{"0":[0,0],"1":[0,0]},"_coverageSchema":"1a1c01bbd47fc00a2c39e90264f33305004495a9","hash":"1b0b266f46c071e62d8f64405f46b3bda9f6a4ab"}
,"C:\\Users\\X515EA CI5\\OneDrive\\Escritorio\\curso\\Proyecto Final Esteban\\api\\src\\db.js": {"path":"C:\\Users\\X515EA CI5\\OneDrive\\Escritorio\\curso\\Proyecto Final Esteban\\api\\src\\db.js","statementMap":{"0":{"start":{"line":1,"column":0},"end":{"line":1,"column":27}},"1":{"start":{"line":2,"column":22},"end":{"line":2,"column":42}},"2":{"start":{"line":3,"column":11},"end":{"line":3,"column":24}},"3":{"start":{"line":4,"column":13},"end":{"line":4,"column":28}},"4":{"start":{"line":7,"column":4},"end":{"line":7,"column":15}},"5":{"start":{"line":9,"column":18},"end":{"line":12,"column":2}},"6":{"start":{"line":13,"column":17},"end":{"line":13,"column":42}},"7":{"start":{"line":15,"column":22},"end":{"line":15,"column":24}},"8":{"start":{"line":18,"column":0},"end":{"line":22,"column":5}},"9":{"start":{"line":19,"column":20},"end":{"line":19,"column":98}},"10":{"start":{"line":21,"column":4},"end":{"line":21,"column":71}},"11":{"start":{"line":25,"column":0},"end":{"line":25,"column":50}},"12":{"start":{"line":25,"column":32},"end":{"line":25,"column":48}},"13":{"start":{"line":27,"column":14},"end":{"line":27,"column":46}},"14":{"start":{"line":28,"column":18},"end":{"line":28,"column":99}},"15":{"start":{"line":28,"column":41},"end":{"line":28,"column":98}},"16":{"start":{"line":29,"column":0},"end":{"line":29,"column":51}},"17":{"start":{"line":33,"column":27},"end":{"line":33,"column":43}},"18":{"start":{"line":35,"column":0},"end":{"line":35,"column":56}},"19":{"start":{"line":36,"column":0},"end":{"line":36,"column":56}},"20":{"start":{"line":41,"column":0},"end":{"line":44,"column":2}}},"fnMap":{"0":{"name":"(anonymous_0)","decl":{"start":{"line":19,"column":10},"end":{"line":19,"column":11}},"loc":{"start":{"line":19,"column":20},"end":{"line":19,"column":98}},"line":19},"1":{"name":"(anonymous_1)","decl":{"start":{"line":20,"column":11},"end":{"line":20,"column":12}},"loc":{"start":{"line":20,"column":21},"end":{"line":22,"column":3}},"line":20},"2":{"name":"(anonymous_2)","decl":{"start":{"line":25,"column":23},"end":{"line":25,"column":24}},"loc":{"start":{"line":25,"column":32},"end":{"line":25,"column":48}},"line":25},"3":{"name":"(anonymous_3)","decl":{"start":{"line":28,"column":30},"end":{"line":28,"column":31}},"loc":{"start":{"line":28,"column":41},"end":{"line":28,"column":98}},"line":28}},"branchMap":{"0":{"loc":{"start":{"line":19,"column":20},"end":{"line":19,"column":98}},"type":"binary-expr","locations":[{"start":{"line":19,"column":21},"end":{"line":19,"column":44}},{"start":{"line":19,"column":50},"end":{"line":19,"column":67}},{"start":{"line":19,"column":73},"end":{"line":19,"column":97}}],"line":19}},"s":{"0":1,"1":1,"2":1,"3":1,"4":1,"5":1,"6":1,"7":1,"8":1,"9":3,"10":2,"11":1,"12":2,"13":1,"14":1,"15":2,"16":1,"17":1,"18":1,"19":1,"20":1},"f":{"0":3,"1":2,"2":2,"3":2},"b":{"0":[3,3,3]},"_coverageSchema":"1a1c01bbd47fc00a2c39e90264f33305004495a9","hash":"6a395678d9530b142b76110477d961dd6e9eb016"}
,"C:\\Users\\X515EA CI5\\OneDrive\\Escritorio\\curso\\Proyecto Final Esteban\\api\\src\\controllers\\dataFunctions.js": {"path":"C:\\Users\\X515EA CI5\\OneDrive\\Escritorio\\curso\\Proyecto Final Esteban\\api\\src\\controllers\\dataFunctions.js","statementMap":{"0":{"start":{"line":1,"column":14},"end":{"line":1,"column":36}},"1":{"start":{"line":2,"column":27},"end":{"line":2,"column":46}},"2":{"start":{"line":3,"column":16},"end":{"line":3,"column":69}},"3":{"start":{"line":4,"column":17},"end":{"line":4,"column":49}},"4":{"start":{"line":6,"column":19},"end":{"line":10,"column":1}},"5":{"start":{"line":7,"column":17},"end":{"line":7,"column":37}},"6":{"start":{"line":8,"column":16},"end":{"line":8,"column":33}},"7":{"start":{"line":9,"column":4},"end":{"line":9,"column":22}},"8":{"start":{"line":12,"column":18},"end":{"line":22,"column":1}},"9":{"start":{"line":13,"column":4},"end":{"line":21,"column":6}},"10":{"start":{"line":24,"column":26},"end":{"line":71,"column":1}},"11":{"start":{"line":25,"column":17},"end":{"line":25,"column":35}},"12":{"start":{"line":26,"column":18},"end":{"line":26,"column":35}},"13":{"start":{"line":27,"column":23},"end":{"line":40,"column":6}},"14":{"start":{"line":28,"column":8},"end":{"line":39,"column":9}},"15":{"start":{"line":42,"column":24},"end":{"line":67,"column":7}},"16":{"start":{"line":44,"column":21},"end":{"line":44,"column":42}},"17":{"start":{"line":45,"column":26},"end":{"line":45,"column":43}},"18":{"start":{"line":46,"column":25},"end":{"line":48,"column":10}},"19":{"start":{"line":47,"column":12},"end":{"line":47,"column":38}},"20":{"start":{"line":49,"column":22},"end":{"line":54,"column":10}},"21":{"start":{"line":50,"column":12},"end":{"line":53,"column":13}},"22":{"start":{"line":56,"column":8},"end":{"line":65,"column":10}},"23":{"start":{"line":70,"column":4},"end":{"line":70,"column":41}},"24":{"start":{"line":86,"column":20},"end":{"line":90,"column":1}},"25":{"start":{"line":87,"column":17},"end":{"line":87,"column":38}},"26":{"start":{"line":88,"column":16},"end":{"line":88,"column":33}},"27":{"start":{"line":89,"column":4},"end":{"line":89,"column":22}},"28":{"start":{"line":92,"column":0},"end":{"line":92,"column":53}},"29":{"start":{"line":93,"column":0},"end":{"line":93,"column":39}},"30":{"start":{"line":94,"column":0},"end":{"line":94,"column":41}},"31":{"start":{"line":95,"column":0},"end":{"line":95,"column":37}}},"fnMap":{"0":{"name":"(anonymous_0)","decl":{"start":{"line":6,"column":19},"end":{"line":6,"column":20}},"loc":{"start":{"line":6,"column":29},"end":{"line":10,"column":1}},"line":6},"1":{"name":"(anonymous_1)","decl":{"start":{"line":12,"column":18},"end":{"line":12,"column":19}},"loc":{"start":{"line":12,"column":28},"end":{"line":22,"column":1}},"line":12},"2":{"name":"(anonymous_2)","decl":{"start":{"line":24,"column":26},"end":{"line":24,"column":27}},"loc":{"start":{"line":24,"column":36},"end":{"line":71,"column":1}},"line":24},"3":{"name":"(anonymous_3)","decl":{"start":{"line":27,"column":34},"end":{"line":27,"column":35}},"loc":{"start":{"line":27,"column":44},"end":{"line":40,"column":5}},"line":27},"4":{"name":"(anonymous_4)","decl":{"start":{"line":42,"column":51},"end":{"line":42,"column":52}},"loc":{"start":{"line":42,"column":63},"end":{"line":67,"column":5}},"line":42},"5":{"name":"(anonymous_5)","decl":{"start":{"line":46,"column":45},"end":{"line":46,"column":46}},"loc":{"start":{"line":46,"column":48},"end":{"line":48,"column":9}},"line":46},"6":{"name":"(anonymous_6)","decl":{"start":{"line":49,"column":42},"end":{"line":49,"column":43}},"loc":{"start":{"line":49,"column":45},"end":{"line":54,"column":9}},"line":49},"7":{"name":"(anonymous_7)","decl":{"start":{"line":86,"column":20},"end":{"line":86,"column":21}},"loc":{"start":{"line":86,"column":30},"end":{"line":90,"column":1}},"line":86}},"branchMap":{"0":{"loc":{"start":{"line":60,"column":19},"end":{"line":60,"column":197}},"type":"cond-expr","locations":[{"start":{"line":60,"column":35},"end":{"line":60,"column":116}},{"start":{"line":60,"column":117},"end":{"line":60,"column":197}}],"line":60}},"s":{"0":1,"1":1,"2":1,"3":1,"4":1,"5":1,"6":1,"7":1,"8":1,"9":1,"10":1,"11":1,"12":1,"13":1,"14":1,"15":1,"16":40,"17":40,"18":40,"19":57,"20":40,"21":240,"22":40,"23":1,"24":1,"25":0,"26":0,"27":0,"28":1,"29":1,"30":1,"31":1},"f":{"0":1,"1":1,"2":1,"3":1,"4":40,"5":57,"6":240,"7":0},"b":{"0":[9,31]},"_coverageSchema":"1a1c01bbd47fc00a2c39e90264f33305004495a9","hash":"e64b50f38e04e187146478acfa070abae3f39f0d"}
,"C:\\Users\\X515EA CI5\\OneDrive\\Escritorio\\curso\\Proyecto Final Esteban\\api\\src\\models\\Pokemon.js": {"path":"C:\\Users\\X515EA CI5\\OneDrive\\Escritorio\\curso\\Proyecto Final Esteban\\api\\src\\models\\Pokemon.js","statementMap":{"0":{"start":{"line":1,"column":22},"end":{"line":1,"column":42}},"1":{"start":{"line":4,"column":0},"end":{"line":54,"column":2}},"2":{"start":{"line":6,"column":2},"end":{"line":52,"column":5}}},"fnMap":{"0":{"name":"(anonymous_0)","decl":{"start":{"line":4,"column":17},"end":{"line":4,"column":18}},"loc":{"start":{"line":4,"column":32},"end":{"line":54,"column":1}},"line":4}},"branchMap":{},"s":{"0":1,"1":1,"2":1},"f":{"0":1},"b":{},"_coverageSchema":"1a1c01bbd47fc00a2c39e90264f33305004495a9","hash":"a837aaf3831b605c6113adcb15e86ad2795132a3"}
,"C:\\Users\\X515EA CI5\\OneDrive\\Escritorio\\curso\\Proyecto Final Esteban\\api\\src\\models\\types.js": {"path":"C:\\Users\\X515EA CI5\\OneDrive\\Escritorio\\curso\\Proyecto Final Esteban\\api\\src\\models\\types.js","statementMap":{"0":{"start":{"line":1,"column":22},"end":{"line":1,"column":42}},"1":{"start":{"line":3,"column":0},"end":{"line":12,"column":1}},"2":{"start":{"line":5,"column":4},"end":{"line":10,"column":6}}},"fnMap":{"0":{"name":"(anonymous_0)","decl":{"start":{"line":3,"column":17},"end":{"line":3,"column":18}},"loc":{"start":{"line":3,"column":30},"end":{"line":12,"column":1}},"line":3}},"branchMap":{},"s":{"0":1,"1":1,"2":1},"f":{"0":1},"b":{},"_coverageSchema":"1a1c01bbd47fc00a2c39e90264f33305004495a9","hash":"85d440bb0052da53760865a60714acbaf571500c"}
,"C:\\Users\\X515EA CI5\\OneDrive\\Escritorio\\curso\\Proyecto Final Esteban\\api\\src\\routes\\index.js": {"path":"C:\\Users\\X515EA CI5\\OneDrive\\Escritorio\\curso\\Proyecto Final Esteban\\api\\src\\routes\\index.js","statementMap":{"0":{"start":{"line":1,"column":19},"end":{"line":1,"column":37}},"1":{"start":{"line":2,"column":22},"end":{"line":2,"column":46}},"2":{"start":{"line":3,"column":19},"end":{"line":3,"column":41}},"3":{"start":{"line":8,"column":15},"end":{"line":8,"column":23}},"4":{"start":{"line":9,"column":0},"end":{"line":9,"column":38}},"5":{"start":{"line":10,"column":0},"end":{"line":10,"column":32}},"6":{"start":{"line":16,"column":0},"end":{"line":16,"column":24}}},"fnMap":{},"branchMap":{},"s":{"0":1,"1":1,"2":1,"3":1,"4":1,"5":1,"6":1},"f":{},"b":{},"_coverageSchema":"1a1c01bbd47fc00a2c39e90264f33305004495a9","hash":"d3fc15255a14716a5405395292569901d18839ab"}
,"C:\\Users\\X515EA CI5\\OneDrive\\Escritorio\\curso\\Proyecto Final Esteban\\api\\src\\routes\\pokemons.js": {"path":"C:\\Users\\X515EA CI5\\OneDrive\\Escritorio\\curso\\Proyecto Final Esteban\\api\\src\\routes\\pokemons.js","statementMap":{"0":{"start":{"line":1,"column":17},"end":{"line":1,"column":35}},"1":{"start":{"line":2,"column":22},"end":{"line":2,"column":30}},"2":{"start":{"line":3,"column":14},"end":{"line":3,"column":36}},"3":{"start":{"line":4,"column":48},"end":{"line":4,"column":90}},"4":{"start":{"line":5,"column":26},"end":{"line":5,"column":45}},"5":{"start":{"line":7,"column":16},"end":{"line":7,"column":69}},"6":{"start":{"line":84,"column":0},"end":{"line":103,"column":3}},"7":{"start":{"line":85,"column":17},"end":{"line":85,"column":42}},"8":{"start":{"line":86,"column":17},"end":{"line":86,"column":31}},"9":{"start":{"line":87,"column":4},"end":{"line":102,"column":5}},"10":{"start":{"line":88,"column":8},"end":{"line":88,"column":25}},"11":{"start":{"line":89,"column":8},"end":{"line":99,"column":9}},"12":{"start":{"line":90,"column":25},"end":{"line":90,"column":50}},"13":{"start":{"line":91,"column":34},"end":{"line":93,"column":14}},"14":{"start":{"line":92,"column":16},"end":{"line":92,"column":43}},"15":{"start":{"line":94,"column":12},"end":{"line":94,"column":51}},"16":{"start":{"line":97,"column":12},"end":{"line":97,"column":30}},"17":{"start":{"line":98,"column":12},"end":{"line":98,"column":31}},"18":{"start":{"line":101,"column":8},"end":{"line":101,"column":22}},"19":{"start":{"line":105,"column":0},"end":{"line":131,"column":3}},"20":{"start":{"line":106,"column":55},"end":{"line":106,"column":63}},"21":{"start":{"line":108,"column":4},"end":{"line":129,"column":5}},"22":{"start":{"line":110,"column":25},"end":{"line":112,"column":10}},"23":{"start":{"line":113,"column":23},"end":{"line":116,"column":10}},"24":{"start":{"line":117,"column":23},"end":{"line":120,"column":10}},"25":{"start":{"line":121,"column":8},"end":{"line":121,"column":42}},"26":{"start":{"line":122,"column":8},"end":{"line":122,"column":42}},"27":{"start":{"line":124,"column":8},"end":{"line":124,"column":56}},"28":{"start":{"line":127,"column":8},"end":{"line":127,"column":27}},"29":{"start":{"line":128,"column":8},"end":{"line":128,"column":27}},"30":{"start":{"line":134,"column":0},"end":{"line":148,"column":2}},"31":{"start":{"line":137,"column":4},"end":{"line":145,"column":5}},"32":{"start":{"line":138,"column":21},"end":{"line":138,"column":46}},"33":{"start":{"line":140,"column":8},"end":{"line":140,"column":38}},"34":{"start":{"line":143,"column":8},"end":{"line":143,"column":27}},"35":{"start":{"line":144,"column":8},"end":{"line":144,"column":26}},"36":{"start":{"line":151,"column":0},"end":{"line":168,"column":2}},"37":{"start":{"line":153,"column":15},"end":{"line":153,"column":28}},"38":{"start":{"line":156,"column":4},"end":{"line":165,"column":5}},"39":{"start":{"line":157,"column":21},"end":{"line":157,"column":46}},"40":{"start":{"line":158,"column":30},"end":{"line":160,"column":10}},"41":{"start":{"line":159,"column":12},"end":{"line":159,"column":35}},"42":{"start":{"line":161,"column":8},"end":{"line":161,"column":31}},"43":{"start":{"line":163,"column":8},"end":{"line":163,"column":27}},"44":{"start":{"line":164,"column":8},"end":{"line":164,"column":26}},"45":{"start":{"line":171,"column":0},"end":{"line":171,"column":30}}},"fnMap":{"0":{"name":"(anonymous_0)","decl":{"start":{"line":84,"column":23},"end":{"line":84,"column":24}},"loc":{"start":{"line":84,"column":40},"end":{"line":103,"column":1}},"line":84},"1":{"name":"(anonymous_1)","decl":{"start":{"line":91,"column":46},"end":{"line":91,"column":47}},"loc":{"start":{"line":91,"column":55},"end":{"line":93,"column":13}},"line":91},"2":{"name":"(anonymous_2)","decl":{"start":{"line":105,"column":24},"end":{"line":105,"column":25}},"loc":{"start":{"line":105,"column":44},"end":{"line":131,"column":1}},"line":105},"3":{"name":"(anonymous_3)","decl":{"start":{"line":134,"column":26},"end":{"line":134,"column":27}},"loc":{"start":{"line":134,"column":44},"end":{"line":148,"column":1}},"line":134},"4":{"name":"(anonymous_4)","decl":{"start":{"line":151,"column":26},"end":{"line":151,"column":27}},"loc":{"start":{"line":151,"column":44},"end":{"line":168,"column":1}},"line":151},"5":{"name":"(anonymous_5)","decl":{"start":{"line":158,"column":42},"end":{"line":158,"column":43}},"loc":{"start":{"line":158,"column":51},"end":{"line":160,"column":9}},"line":158}},"branchMap":{"0":{"loc":{"start":{"line":87,"column":4},"end":{"line":102,"column":5}},"type":"if","locations":[{"start":{"line":87,"column":4},"end":{"line":102,"column":5}},{"start":{"line":100,"column":9},"end":{"line":102,"column":5}}],"line":87}},"s":{"0":1,"1":1,"2":1,"3":1,"4":1,"5":1,"6":1,"7":1,"8":1,"9":1,"10":0,"11":0,"12":0,"13":0,"14":0,"15":0,"16":0,"17":0,"18":1,"19":1,"20":0,"21":0,"22":0,"23":0,"24":0,"25":0,"26":0,"27":0,"28":0,"29":0,"30":1,"31":0,"32":0,"33":0,"34":0,"35":0,"36":1,"37":0,"38":0,"39":0,"40":0,"41":0,"42":0,"43":0,"44":0,"45":1},"f":{"0":1,"1":0,"2":0,"3":0,"4":0,"5":0},"b":{"0":[0,1]},"_coverageSchema":"1a1c01bbd47fc00a2c39e90264f33305004495a9","hash":"e967513699eeec431c30577f4240f8a5c099387b"}
,"C:\\Users\\X515EA CI5\\OneDrive\\Escritorio\\curso\\Proyecto Final Esteban\\api\\src\\routes\\poketypes.js": {"path":"C:\\Users\\X515EA CI5\\OneDrive\\Escritorio\\curso\\Proyecto Final Esteban\\api\\src\\routes\\poketypes.js","statementMap":{"0":{"start":{"line":1,"column":17},"end":{"line":1,"column":35}},"1":{"start":{"line":2,"column":20},"end":{"line":2,"column":28}},"2":{"start":{"line":3,"column":22},"end":{"line":3,"column":64}},"3":{"start":{"line":4,"column":27},"end":{"line":4,"column":43}},"4":{"start":{"line":6,"column":0},"end":{"line":23,"column":2}},"5":{"start":{"line":8,"column":17},"end":{"line":8,"column":36}},"6":{"start":{"line":10,"column":18},"end":{"line":14,"column":6}},"7":{"start":{"line":11,"column":8},"end":{"line":13,"column":10}},"8":{"start":{"line":16,"column":22},"end":{"line":16,"column":46}},"9":{"start":{"line":17,"column":20},"end":{"line":17,"column":41}},"10":{"start":{"line":20,"column":4},"end":{"line":20,"column":21}},"11":{"start":{"line":25,"column":0},"end":{"line":25,"column":29}}},"fnMap":{"0":{"name":"(anonymous_0)","decl":{"start":{"line":6,"column":21},"end":{"line":6,"column":22}},"loc":{"start":{"line":6,"column":39},"end":{"line":23,"column":1}},"line":6},"1":{"name":"(anonymous_1)","decl":{"start":{"line":10,"column":27},"end":{"line":10,"column":28}},"loc":{"start":{"line":10,"column":39},"end":{"line":14,"column":5}},"line":10}},"branchMap":{},"s":{"0":1,"1":1,"2":1,"3":1,"4":1,"5":0,"6":0,"7":0,"8":0,"9":0,"10":0,"11":1},"f":{"0":0,"1":0},"b":{},"_coverageSchema":"1a1c01bbd47fc00a2c39e90264f33305004495a9","hash":"f331410c24f4fa530d7b1f64d918b9a126a63c57"}
}
