TN:
SF:src\app.js
FN:17,(anonymous_0)
FN:28,(anonymous_1)
FNF:2
FNH:1
FNDA:1,(anonymous_0)
FNDA:0,(anonymous_1)
DA:1,1
DA:2,1
DA:3,1
DA:4,1
DA:5,1
DA:7,1
DA:9,1
DA:11,1
DA:12,1
DA:13,1
DA:15,1
DA:16,1
DA:17,1
DA:18,1
DA:19,1
DA:20,1
DA:21,1
DA:22,1
DA:25,1
DA:28,1
DA:29,0
DA:30,0
DA:31,0
DA:32,0
DA:35,1
LF:25
LH:21
BRDA:29,0,0,0
BRDA:29,0,1,0
BRDA:30,1,0,0
BRDA:30,1,1,0
BRF:4
BRH:0
end_of_record
TN:
SF:src\db.js
FN:19,(anonymous_0)
FN:20,(anonymous_1)
FN:25,(anonymous_2)
FN:28,(anonymous_3)
FNF:4
FNH:4
FNDA:3,(anonymous_0)
FNDA:2,(anonymous_1)
FNDA:2,(anonymous_2)
FNDA:2,(anonymous_3)
DA:1,1
DA:2,1
DA:3,1
DA:4,1
DA:7,1
DA:9,1
DA:13,1
DA:15,1
DA:18,1
DA:19,3
DA:21,2
DA:25,2
DA:27,1
DA:28,2
DA:29,1
DA:33,1
DA:35,1
DA:36,1
DA:41,1
LF:19
LH:19
BRDA:19,0,0,3
BRDA:19,0,1,3
BRDA:19,0,2,3
BRF:3
BRH:3
end_of_record
TN:
SF:src\controllers\dataFunctions.js
FN:6,(anonymous_0)
FN:12,(anonymous_1)
FN:24,(anonymous_2)
FN:27,(anonymous_3)
FN:42,(anonymous_4)
FN:46,(anonymous_5)
FN:49,(anonymous_6)
FN:86,(anonymous_7)
FNF:8
FNH:7
FNDA:1,(anonymous_0)
FNDA:1,(anonymous_1)
FNDA:1,(anonymous_2)
FNDA:1,(anonymous_3)
FNDA:40,(anonymous_4)
FNDA:57,(anonymous_5)
FNDA:240,(anonymous_6)
FNDA:0,(anonymous_7)
DA:1,1
DA:2,1
DA:3,1
DA:4,1
DA:6,1
DA:7,1
DA:8,1
DA:9,1
DA:12,1
DA:13,1
DA:24,1
DA:25,1
DA:26,1
DA:27,1
DA:28,1
DA:42,1
DA:44,40
DA:45,40
DA:46,40
DA:47,57
DA:49,40
DA:50,240
DA:56,40
DA:70,1
DA:86,1
DA:87,0
DA:88,0
DA:89,0
DA:92,1
DA:93,1
DA:94,1
DA:95,1
LF:32
LH:29
BRDA:60,0,0,9
BRDA:60,0,1,31
BRF:2
BRH:2
end_of_record
TN:
SF:src\models\Pokemon.js
FN:4,(anonymous_0)
FNF:1
FNH:1
FNDA:1,(anonymous_0)
DA:1,1
DA:4,1
DA:6,1
LF:3
LH:3
BRF:0
BRH:0
end_of_record
TN:
SF:src\models\types.js
FN:3,(anonymous_0)
FNF:1
FNH:1
FNDA:1,(anonymous_0)
DA:1,1
DA:3,1
DA:5,1
LF:3
LH:3
BRF:0
BRH:0
end_of_record
TN:
SF:src\routes\index.js
FNF:0
FNH:0
DA:1,1
DA:2,1
DA:3,1
DA:8,1
DA:9,1
DA:10,1
DA:16,1
LF:7
LH:7
BRF:0
BRH:0
end_of_record
TN:
SF:src\routes\pokemons.js
FN:84,(anonymous_0)
FN:91,(anonymous_1)
FN:105,(anonymous_2)
FN:134,(anonymous_3)
FN:151,(anonymous_4)
FN:158,(anonymous_5)
FNF:6
FNH:1
FNDA:1,(anonymous_0)
FNDA:0,(anonymous_1)
FNDA:0,(anonymous_2)
FNDA:0,(anonymous_3)
FNDA:0,(anonymous_4)
FNDA:0,(anonymous_5)
DA:1,1
DA:2,1
DA:3,1
DA:4,1
DA:5,1
DA:7,1
DA:84,1
DA:85,1
DA:86,1
DA:87,1
DA:88,0
DA:89,0
DA:90,0
DA:91,0
DA:92,0
DA:94,0
DA:97,0
DA:98,0
DA:101,1
DA:105,1
DA:106,0
DA:108,0
DA:110,0
DA:113,0
DA:117,0
DA:121,0
DA:122,0
DA:124,0
DA:127,0
DA:128,0
DA:134,1
DA:137,0
DA:138,0
DA:140,0
DA:143,0
DA:144,0
DA:151,1
DA:153,0
DA:156,0
DA:157,0
DA:158,0
DA:159,0
DA:161,0
DA:163,0
DA:164,0
DA:171,1
LF:46
LH:15
BRDA:87,0,0,0
BRDA:87,0,1,1
BRF:2
BRH:1
end_of_record
TN:
SF:src\routes\poketypes.js
FN:6,(anonymous_0)
FN:10,(anonymous_1)
FNF:2
FNH:0
FNDA:0,(anonymous_0)
FNDA:0,(anonymous_1)
DA:1,1
DA:2,1
DA:3,1
DA:4,1
DA:6,1
DA:8,0
DA:10,0
DA:11,0
DA:16,0
DA:17,0
DA:20,0
DA:25,1
LF:12
LH:6
BRF:0
BRH:0
end_of_record
